[02:51:57] [main/INFO]: Using mbed TLS based native cipher.
[02:51:57] [main/INFO]: Using zlib based native compressor.
[02:51:57] [main/INFO]: Enabled Waterfall version git:Waterfall-Bootstrap:1.20-R0.2-SNAPSHOT:92b5149:562
[02:51:57] [main/INFO]: Not on Windows, attempting to use enhanced EpollEventLoop
[02:51:57] [main/INFO]: Epoll is working, utilising it!
[02:51:57] [main/INFO]: Discovered module: ModuleSpec(name=cmd_alert, file=modules/cmd_alert.jar, provider=JenkinsModuleSource())
[02:51:57] [main/INFO]: Discovered module: ModuleSpec(name=cmd_find, file=modules/cmd_find.jar, provider=JenkinsModuleSource())
[02:51:57] [main/INFO]: Discovered module: ModuleSpec(name=cmd_list, file=modules/cmd_list.jar, provider=JenkinsModuleSource())
[02:51:57] [main/INFO]: Discovered module: ModuleSpec(name=cmd_send, file=modules/cmd_send.jar, provider=JenkinsModuleSource())
[02:51:57] [main/INFO]: Discovered module: ModuleSpec(name=cmd_server, file=modules/cmd_server.jar, provider=JenkinsModuleSource())
[02:51:57] [main/INFO]: Discovered module: ModuleSpec(name=reconnect_yaml, file=modules/reconnect_yaml.jar, provider=JenkinsModuleSource())
[02:51:58] [main/INFO]: Loaded plugin reconnect_yaml version git:reconnect_yaml:1.20-R0.2-SNAPSHOT:92b5149:562 by WaterfallMC
[02:51:58] [main/INFO]: Loaded plugin cmd_find version git:cmd_find:1.20-R0.2-SNAPSHOT:92b5149:562 by WaterfallMC
[02:51:58] [main/INFO]: Loaded plugin cmd_server version git:cmd_server:1.20-R0.2-SNAPSHOT:92b5149:562 by WaterfallMC
[02:51:58] [main/INFO]: Loaded plugin cmd_alert version git:cmd_alert:1.20-R0.2-SNAPSHOT:92b5149:562 by WaterfallMC
[02:51:58] [main/INFO]: Loaded plugin cmd_send version git:cmd_send:1.20-R0.2-SNAPSHOT:92b5149:562 by WaterfallMC
[02:51:58] [main/INFO]: Loaded plugin cmd_list version git:cmd_list:1.20-R0.2-SNAPSHOT:92b5149:562 by WaterfallMC
[02:51:58] [main/WARN]: :>:>:>:>:>:>:>:>:>:>:>:>:>:>:>:>:>:>:>:>:>:>:>
[02:51:58] [main/WARN]: :>  
[02:51:58] [main/WARN]: :>      EAGLERCRAFTXBUNGEE WARNING:
[02:51:58] [main/WARN]: :>  
[02:51:58] [main/WARN]: :>  This plugin wasn't tested to be 'working'
[02:51:58] [main/WARN]: :>  with ANY version of BungeeCord (and forks)
[02:51:58] [main/WARN]: :>  apart from the versions listed below:
[02:51:58] [main/WARN]: :>  
[02:51:58] [main/WARN]: :>  - BungeeCord: 1.20-R0.3-SNAPSHOT:eda268b:1797
[02:51:58] [main/WARN]: :>  - Waterfall: 1.20-R0.2-SNAPSHOT:92b5149:562
[02:51:58] [main/WARN]: :>  - FlameCord: 1.1.1
[02:51:58] [main/WARN]: :>  
[02:51:58] [main/WARN]: :>  This is not a Bukkit/Spigot plugin!
[02:51:58] [main/WARN]: :>  
[02:51:58] [main/WARN]: :>  Use "-Deaglerxbungee.stfu=true" to hide
[02:51:58] [main/WARN]: :>  
[02:51:58] [main/WARN]: :>:>:>:>:>:>:>:>:>:>:>:>:>:>:>:>:>:>:>:>:>:>:>
[02:51:58] [main/INFO]: Loaded plugin EaglercraftXBungee version 1.0.10 by lax1dude
[02:51:58] [main/WARN]: Forced host server pvp is not defined
[02:51:58] [main/INFO]: Enabled plugin reconnect_yaml version git:reconnect_yaml:1.20-R0.2-SNAPSHOT:92b5149:562 by WaterfallMC
[02:51:58] [main/INFO]: Enabled plugin cmd_find version git:cmd_find:1.20-R0.2-SNAPSHOT:92b5149:562 by WaterfallMC
[02:51:58] [main/INFO]: Enabled plugin cmd_server version git:cmd_server:1.20-R0.2-SNAPSHOT:92b5149:562 by WaterfallMC
[02:51:58] [main/INFO]: Enabled plugin cmd_alert version git:cmd_alert:1.20-R0.2-SNAPSHOT:92b5149:562 by WaterfallMC
[02:51:58] [main/INFO]: Enabled plugin cmd_send version git:cmd_send:1.20-R0.2-SNAPSHOT:92b5149:562 by WaterfallMC
[02:51:58] [main/INFO]: Enabled plugin cmd_list version git:cmd_list:1.20-R0.2-SNAPSHOT:92b5149:562 by WaterfallMC
[02:51:58] [main/ERROR] [EaglercraftXBungee]: Online mode is set to false! Authentication system has been disabled
[02:51:58] [Netty Worker IO Thread #0/INFO] [EaglercraftXBungee]: Eaglercraft is listening on: /0.0.0.0:8081
[02:51:58] [main/INFO] [EaglercraftXBungee]: Connected to database: jdbc:sqlite:eaglercraft_skins_cache.db
[02:51:58] [main/INFO]: Enabled plugin EaglercraftXBungee version 1.0.10 by lax1dude
[02:51:58] [Netty Boss IO Thread #0/INFO]: Listening on /0.0.0.0:25577
[02:51:59] [EaglerXBungee: Network Tick Tasks/INFO] [EaglercraftXBungee]: Loaded certificate: /workspaces/EaglerPanel/waterfall/plugins/EaglercraftXBungee/eagcert/$dl.a880607a687812c43d3cccd754874926eeb8d04a.cert
[02:51:59] [EaglerXBungee: Network Tick Tasks/INFO] [EaglercraftXBungee]: Loaded certificate: /workspaces/EaglerPanel/waterfall/plugins/EaglercraftXBungee/eagcert/$dl.768b8d74e78d6e63e560abe1ff1ebb2d13e56afa.cert
